[36mstorybook-addon-faker:storybook[0m: cache hit, replaying output [2m5a4678e1b36ef09d[0m
[36mstorybook-addon-faker:storybook: [0m$ start-storybook -p 6006 --quiet
[36mstorybook-addon-faker:storybook: [0minfo @storybook/react v6.5.12
[36mstorybook-addon-faker:storybook: [0minfo 
[36mstorybook-addon-faker:storybook: [0m{
[36mstorybook-addon-faker:storybook: [0m  storybookAddonFaker: '/Users/kevinmeinhardt/src/github.com/storybook-addon-faker/packages/seed-story/src'
[36mstorybook-addon-faker:storybook: [0m}
[36mstorybook-addon-faker:storybook: [0minfo => Loading presets
[36mstorybook-addon-faker:storybook: [0minfo Addon-docs: using MDX1
[36mstorybook-addon-faker:storybook: [0minfo => Using implicit CSS loaders
[36mstorybook-addon-faker:storybook: [0m(node:33229) DeprecationWarning: Default PostCSS plugins are deprecated. When switching to '@storybook/addon-postcss',
[36mstorybook-addon-faker:storybook: [0myou will need to add your own plugins, such as 'postcss-flexbugs-fixes' and 'autoprefixer'.
[36mstorybook-addon-faker:storybook: [0m
[36mstorybook-addon-faker:storybook: [0mSee https://github.com/storybookjs/storybook/blob/next/MIGRATION.md#deprecated-default-postcss-plugins for details.
[36mstorybook-addon-faker:storybook: [0m(Use `node --trace-deprecation ...` to show where the warning was created)
[36mstorybook-addon-faker:storybook: [0minfo => Using default Webpack4 setup
[36mstorybook-addon-faker:storybook: [0m
[36mstorybook-addon-faker:storybook: [0minfo => Using cached manager
[36mstorybook-addon-faker:storybook: [0mDeprecationWarning: 'createIdentifier' has been deprecated since v4.0.0. Use the appropriate method on 'ts.factory' or the 'factory' supplied by your transformation context instead.
[36mstorybook-addon-faker:storybook: [0mDeprecationWarning: '' has been deprecated since v4.0.0. Use the appropriate method on 'ts.factory' or the 'factory' supplied by your transformation context instead.
[36mstorybook-addon-faker:storybook: [0mDeprecationWarning: 'createLiteral' has been deprecated since v4.0.0. Use `factory.createStringLiteral`, `factory.createStringLiteralFromNode`, `factory.createNumericLiteral`, `factory.createBigIntLiteral`, `factory.createTrue`, `factory.createFalse`, or the factory supplied by your transformation context instead.
[36mstorybook-addon-faker:storybook: [0mDeprecationWarning: 'createBinaryExpression' has been deprecated since v4.0.0. Use the appropriate method on 'ts.factory' or the 'factory' supplied by your transformation context instead.
[36mstorybook-addon-faker:storybook: [0mDeprecationWarning: 'createExpressionStatement' has been deprecated since v4.0.0. Use the appropriate method on 'ts.factory' or the 'factory' supplied by your transformation context instead.
[36mstorybook-addon-faker:storybook: [0mDeprecationWarning: 'createPropertyAssignment' has been deprecated since v4.0.0. Use the appropriate method on 'ts.factory' or the 'factory' supplied by your transformation context instead.
[36mstorybook-addon-faker:storybook: [0mDeprecationWarning: 'createObjectLiteralExpression' has been deprecated since v4.0.0. Use the appropriate method on 'ts.factory' or the 'factory' supplied by your transformation context instead.
[36mstorybook-addon-faker:storybook: [0mDeprecationWarning: 'createExpressionStatement' has been deprecated since v4.0.0. Use the appropriate method on 'ts.factory' or the 'factory' supplied by your transformation context instead.
[36mstorybook-addon-faker:storybook: [0mDeprecationWarning: 'createTypeOfExpression' has been deprecated since v4.0.0. Use the appropriate method on 'ts.factory' or the 'factory' supplied by your transformation context instead.
[36mstorybook-addon-faker:storybook: [0mDeprecationWarning: 'createElementAccessExpression' has been deprecated since v4.0.0. Use the appropriate method on 'ts.factory' or the 'factory' supplied by your transformation context instead.
[36mstorybook-addon-faker:storybook: [0mDeprecationWarning: 'createIfStatement' has been deprecated since v4.0.0. Use the ap